[0.059s] Invoking command in '/home/donjoe/MagangBanyubramanta_DanielAdhitthana/build/controller': CMAKE_PREFIX_PATH=/opt/ros/humble /usr/bin/cmake --build /home/donjoe/MagangBanyubramanta_DanielAdhitthana/build/controller -- -j4 -l4
[0.102s] [  9%] Built target controller__rosidl_generator_c
[0.103s] [ 12%] Built target controller__cpp
[0.128s] [ 21%] Built target controller__rosidl_typesupport_introspection_c
[0.128s] [ 30%] Built target controller__rosidl_typesupport_c
[0.136s] [ 30%] Built target ament_cmake_python_copy_controller
[0.136s] [ 39%] Built target controller__rosidl_typesupport_fastrtps_c
[0.148s] [ 48%] Built target controller__rosidl_typesupport_fastrtps_cpp
[0.151s] [ 57%] Built target controller__rosidl_typesupport_introspection_cpp
[0.157s] [ 66%] Built target controller__rosidl_typesupport_cpp
[0.167s] [35m[1mConsolidate compiler generated dependencies of target ctrl[0m
[0.178s] [ 66%] Built target controller
[0.183s] [ 69%] [32mBuilding CXX object CMakeFiles/ctrl.dir/src/controller.cpp.o[0m
[0.196s] [ 72%] Built target controller__py
[0.223s] [ 78%] Built target controller__rosidl_generator_py
[0.251s] [ 84%] Built target controller__rosidl_typesupport_fastrtps_c__pyext
[0.273s] [ 90%] Built target controller__rosidl_typesupport_introspection_c__pyext
[0.283s] [ 96%] Built target controller__rosidl_typesupport_c__pyext
[0.519s] running egg_info
[0.520s] writing controller.egg-info/PKG-INFO
[0.521s] writing dependency_links to controller.egg-info/dependency_links.txt
[0.521s] writing top-level names to controller.egg-info/top_level.txt
[0.529s] reading manifest file 'controller.egg-info/SOURCES.txt'
[0.529s] writing manifest file 'controller.egg-info/SOURCES.txt'
[0.557s] [ 96%] Built target ament_cmake_python_build_controller_egg
[3.495s] [01m[K/home/donjoe/MagangBanyubramanta_DanielAdhitthana/src/controller/src/controller.cpp:[m[K In constructor â€˜[01m[KController::Controller()[m[Kâ€™:
[3.495s] [01m[K/home/donjoe/MagangBanyubramanta_DanielAdhitthana/src/controller/src/controller.cpp:52:33:[m[K [01;31m[Kerror: [m[Kno matching function for call to â€˜[01m[KController::declare_parameters(std::vector<rclcpp::Parameter>&)[m[Kâ€™
[3.495s]    52 |         [01;31m[Kthis->declare_parameters(def_params)[m[K;
[3.495s]       |         [01;31m[K~~~~~~~~~~~~~~~~~~~~~~~~^~~~~~~~~~~~[m[K
[3.496s] In file included from [01m[K/opt/ros/humble/include/rclcpp/rclcpp/executors/single_threaded_executor.hpp:28[m[K,
[3.497s]                  from [01m[K/opt/ros/humble/include/rclcpp/rclcpp/executors.hpp:22[m[K,
[3.497s]                  from [01m[K/opt/ros/humble/include/rclcpp/rclcpp/rclcpp.hpp:155[m[K,
[3.497s]                  from [01m[K/home/donjoe/MagangBanyubramanta_DanielAdhitthana/src/controller/src/controller.cpp:7[m[K:
[3.497s] [01m[K/opt/ros/humble/include/rclcpp/rclcpp/node.hpp:478:3:[m[K [01;36m[Knote: [m[Kcandidate: â€˜[01m[Ktemplate<class ParameterT> std::vector<BufferT> rclcpp::Node::declare_parameters(const string&, const std::map<std::__cxx11::basic_string<char>, ParameterT>&, bool)[m[Kâ€™
[3.497s]   478 |   [01;36m[Kdeclare_parameters[m[K(
[3.497s]       |   [01;36m[K^~~~~~~~~~~~~~~~~~[m[K
[3.498s] [01m[K/opt/ros/humble/include/rclcpp/rclcpp/node.hpp:478:3:[m[K [01;36m[Knote: [m[K  template argument deduction/substitution failed:
[3.501s] [01m[K/home/donjoe/MagangBanyubramanta_DanielAdhitthana/src/controller/src/controller.cpp:52:33:[m[K [01;36m[Knote: [m[K  candidate expects 3 arguments, 1 provided
[3.501s]    52 |         [01;36m[Kthis->declare_parameters(def_params)[m[K;
[3.501s]       |         [01;36m[K~~~~~~~~~~~~~~~~~~~~~~~~^~~~~~~~~~~~[m[K
[3.501s] In file included from [01m[K/opt/ros/humble/include/rclcpp/rclcpp/executors/single_threaded_executor.hpp:28[m[K,
[3.501s]                  from [01m[K/opt/ros/humble/include/rclcpp/rclcpp/executors.hpp:22[m[K,
[3.501s]                  from [01m[K/opt/ros/humble/include/rclcpp/rclcpp/rclcpp.hpp:155[m[K,
[3.501s]                  from [01m[K/home/donjoe/MagangBanyubramanta_DanielAdhitthana/src/controller/src/controller.cpp:7[m[K:
[3.501s] [01m[K/opt/ros/humble/include/rclcpp/rclcpp/node.hpp:492:3:[m[K [01;36m[Knote: [m[Kcandidate: â€˜[01m[Ktemplate<class ParameterT> std::vector<BufferT> rclcpp::Node::declare_parameters(const string&, const std::map<std::__cxx11::basic_string<char>, std::pair<ParameterT, rcl_interfaces::msg::ParameterDescriptor_<std::allocator<void> > > >&, bool)[m[Kâ€™
[3.501s]   492 |   [01;36m[Kdeclare_parameters[m[K(
[3.502s]       |   [01;36m[K^~~~~~~~~~~~~~~~~~[m[K
[3.502s] [01m[K/opt/ros/humble/include/rclcpp/rclcpp/node.hpp:492:3:[m[K [01;36m[Knote: [m[K  template argument deduction/substitution failed:
[3.502s] [01m[K/home/donjoe/MagangBanyubramanta_DanielAdhitthana/src/controller/src/controller.cpp:52:33:[m[K [01;36m[Knote: [m[K  candidate expects 3 arguments, 1 provided
[3.502s]    52 |         [01;36m[Kthis->declare_parameters(def_params)[m[K;
[3.502s]       |         [01;36m[K~~~~~~~~~~~~~~~~~~~~~~~~^~~~~~~~~~~~[m[K
[3.516s] [01m[K/home/donjoe/MagangBanyubramanta_DanielAdhitthana/src/controller/src/controller.cpp:[m[K In member function â€˜[01m[Kvoid Controller::topic_callback(const Joy&) const[m[Kâ€™:
[3.516s] [01m[K/home/donjoe/MagangBanyubramanta_DanielAdhitthana/src/controller/src/controller.cpp:61:47:[m[K [01;31m[Kerror: [m[Kcannot convert â€˜[01m[Krclcpp::Parameter[m[Kâ€™ to â€˜[01m[Kint[m[Kâ€™ in initialization
[3.516s]    61 |         int linear_scale = [01;31m[Kthis->get_parameter("linear_scale")[m[K;
[3.516s]       |                            [01;31m[K~~~~~~~~~~~~~~~~~~~^~~~~~~~~~~~~~~~[m[K
[3.516s]       |                                               [01;31m[K|[m[K
[3.516s]       |                                               [01;31m[Krclcpp::Parameter[m[K
[3.517s] [01m[K/home/donjoe/MagangBanyubramanta_DanielAdhitthana/src/controller/src/controller.cpp:62:48:[m[K [01;31m[Kerror: [m[Kcannot convert â€˜[01m[Krclcpp::Parameter[m[Kâ€™ to â€˜[01m[Kint[m[Kâ€™ in initialization
[3.517s]    62 |         int angular_scale = [01;31m[Kthis->get_parameter("angular_scale")[m[K;
[3.517s]       |                             [01;31m[K~~~~~~~~~~~~~~~~~~~^~~~~~~~~~~~~~~~~[m[K
[3.517s]       |                                                [01;31m[K|[m[K
[3.517s]       |                                                [01;31m[Krclcpp::Parameter[m[K
[3.518s] [01m[K/home/donjoe/MagangBanyubramanta_DanielAdhitthana/src/controller/src/controller.cpp:75:29:[m[K [01;31m[Kerror: [m[Kâ€˜[01m[KParamater[m[Kâ€™ is not a member of â€˜[01m[Krclcpp[m[Kâ€™; did you mean â€˜[01m[KParameter[m[Kâ€™?
[3.518s]    75 |         std::vector<rclcpp::[01;31m[KParamater[m[K> new_params{
[3.518s]       |                             [01;31m[K^~~~~~~~~[m[K
[3.518s]       |                             [32m[KParameter[m[K
[3.519s] [01m[K/home/donjoe/MagangBanyubramanta_DanielAdhitthana/src/controller/src/controller.cpp:75:38:[m[K [01;31m[Kerror: [m[Ktemplate argument 1 is invalid
[3.519s]    75 |         std::vector<rclcpp::Paramater[01;31m[K>[m[K new_params{
[3.519s]       |                                      [01;31m[K^[m[K
[3.519s] [01m[K/home/donjoe/MagangBanyubramanta_DanielAdhitthana/src/controller/src/controller.cpp:75:38:[m[K [01;31m[Kerror: [m[Ktemplate argument 2 is invalid
[3.519s] [01m[K/home/donjoe/MagangBanyubramanta_DanielAdhitthana/src/controller/src/controller.cpp:75:40:[m[K [01;31m[Kerror: [m[Kscalar object â€˜[01m[Knew_params[m[Kâ€™ requires one element in initializer
[3.519s]    75 |         std::vector<rclcpp::Paramater> [01;31m[Knew_params[m[K{
[3.519s]       |                                        [01;31m[K^~~~~~~~~~[m[K
[6.790s] gmake[2]: *** [CMakeFiles/ctrl.dir/build.make:76: CMakeFiles/ctrl.dir/src/controller.cpp.o] Error 1
[6.790s] gmake[1]: *** [CMakeFiles/Makefile2:593: CMakeFiles/ctrl.dir/all] Error 2
[6.790s] gmake: *** [Makefile:146: all] Error 2
[6.793s] Invoked command in '/home/donjoe/MagangBanyubramanta_DanielAdhitthana/build/controller' returned '2': CMAKE_PREFIX_PATH=/opt/ros/humble /usr/bin/cmake --build /home/donjoe/MagangBanyubramanta_DanielAdhitthana/build/controller -- -j4 -l4
