[0.050s] Invoking command in '/home/donjoe/MagangBanyubramanta_DanielAdhitthana/build/controller': CMAKE_PREFIX_PATH=/opt/ros/humble /usr/bin/cmake --build /home/donjoe/MagangBanyubramanta_DanielAdhitthana/build/controller -- -j4 -l4
[0.116s] [  9%] Built target controller__rosidl_generator_c
[0.116s] [ 12%] Built target controller__cpp
[0.128s] [ 12%] Built target ament_cmake_python_copy_controller
[0.138s] [ 21%] Built target controller__rosidl_typesupport_fastrtps_c
[0.138s] [ 30%] Built target controller__rosidl_typesupport_introspection_c
[0.149s] [ 39%] Built target controller__rosidl_typesupport_c
[0.156s] [ 48%] Built target controller__rosidl_typesupport_fastrtps_cpp
[0.159s] [ 57%] Built target controller__rosidl_typesupport_introspection_cpp
[0.172s] [ 66%] Built target controller__rosidl_typesupport_cpp
[0.184s] [35m[1mConsolidate compiler generated dependencies of target ctrl[0m
[0.189s] [ 66%] Built target controller
[0.203s] [ 69%] [32mBuilding CXX object CMakeFiles/ctrl.dir/src/controller.cpp.o[0m
[0.210s] [ 72%] Built target controller__py
[0.248s] [ 78%] Built target controller__rosidl_generator_py
[0.297s] [ 84%] Built target controller__rosidl_typesupport_introspection_c__pyext
[0.304s] [ 90%] Built target controller__rosidl_typesupport_fastrtps_c__pyext
[0.352s] [ 96%] Built target controller__rosidl_typesupport_c__pyext
[0.522s] running egg_info
[0.524s] writing controller.egg-info/PKG-INFO
[0.526s] writing dependency_links to controller.egg-info/dependency_links.txt
[0.528s] writing top-level names to controller.egg-info/top_level.txt
[0.532s] reading manifest file 'controller.egg-info/SOURCES.txt'
[0.533s] writing manifest file 'controller.egg-info/SOURCES.txt'
[0.568s] [ 96%] Built target ament_cmake_python_build_controller_egg
[3.709s] [01m[K/home/donjoe/MagangBanyubramanta_DanielAdhitthana/src/controller/src/controller.cpp:[m[K In member function â€˜[01m[Kvoid Controller::topic_callback(const Joy&) const[m[Kâ€™:
[3.710s] [01m[K/home/donjoe/MagangBanyubramanta_DanielAdhitthana/src/controller/src/controller.cpp:60:47:[m[K [01;31m[Kerror: [m[Kcannot convert â€˜[01m[Krclcpp::Parameter[m[Kâ€™ to â€˜[01m[Kint[m[Kâ€™ in initialization
[3.710s]    60 |         int linear_scale = [01;31m[Kthis->get_parameter("linear_scale")[m[K;
[3.710s]       |                            [01;31m[K~~~~~~~~~~~~~~~~~~~^~~~~~~~~~~~~~~~[m[K
[3.710s]       |                                               [01;31m[K|[m[K
[3.710s]       |                                               [01;31m[Krclcpp::Parameter[m[K
[3.710s] [01m[K/home/donjoe/MagangBanyubramanta_DanielAdhitthana/src/controller/src/controller.cpp:61:48:[m[K [01;31m[Kerror: [m[Kcannot convert â€˜[01m[Krclcpp::Parameter[m[Kâ€™ to â€˜[01m[Kint[m[Kâ€™ in initialization
[3.710s]    61 |         int angular_scale = [01;31m[Kthis->get_parameter("angular_scale")[m[K;
[3.710s]       |                             [01;31m[K~~~~~~~~~~~~~~~~~~~^~~~~~~~~~~~~~~~~[m[K
[3.711s]       |                                                [01;31m[K|[m[K
[3.711s]       |                                                [01;31m[Krclcpp::Parameter[m[K
[3.711s] [01m[K/home/donjoe/MagangBanyubramanta_DanielAdhitthana/src/controller/src/controller.cpp:75:28:[m[K [01;31m[Kerror: [m[Kno matching function for call to â€˜[01m[KController::set_parameter(const char [13], int&) const[m[Kâ€™
[3.711s]    75 |         [01;31m[Kthis->set_parameter("linear_scale", linear_scale)[m[K;
[3.711s]       |         [01;31m[K~~~~~~~~~~~~~~~~~~~^~~~~~~~~~~~~~~~~~~~~~~~~~~~~~[m[K
[3.711s] In file included from [01m[K/opt/ros/humble/include/rclcpp/rclcpp/executors/single_threaded_executor.hpp:28[m[K,
[3.712s]                  from [01m[K/opt/ros/humble/include/rclcpp/rclcpp/executors.hpp:22[m[K,
[3.712s]                  from [01m[K/opt/ros/humble/include/rclcpp/rclcpp/rclcpp.hpp:155[m[K,
[3.712s]                  from [01m[K/home/donjoe/MagangBanyubramanta_DanielAdhitthana/src/controller/src/controller.cpp:7[m[K:
[3.712s] [01m[K/opt/ros/humble/include/rclcpp/rclcpp/node.hpp:555:3:[m[K [01;36m[Knote: [m[Kcandidate: â€˜[01m[Krcl_interfaces::msg::SetParametersResult rclcpp::Node::set_parameter(const rclcpp::Parameter&)[m[Kâ€™
[3.712s]   555 |   [01;36m[Kset_parameter[m[K(const rclcpp::Parameter & parameter);
[3.712s]       |   [01;36m[K^~~~~~~~~~~~~[m[K
[3.712s] [01m[K/opt/ros/humble/include/rclcpp/rclcpp/node.hpp:555:3:[m[K [01;36m[Knote: [m[K  candidate expects 1 argument, 2 provided
[3.712s] [01m[K/home/donjoe/MagangBanyubramanta_DanielAdhitthana/src/controller/src/controller.cpp:76:28:[m[K [01;31m[Kerror: [m[Kno matching function for call to â€˜[01m[KController::set_parameter(const char [14], int&) const[m[Kâ€™
[3.713s]    76 |         [01;31m[Kthis->set_parameter("angular_scale", angular_scale)[m[K;
[3.713s]       |         [01;31m[K~~~~~~~~~~~~~~~~~~~^~~~~~~~~~~~~~~~~~~~~~~~~~~~~~~~[m[K
[3.713s] In file included from [01m[K/opt/ros/humble/include/rclcpp/rclcpp/executors/single_threaded_executor.hpp:28[m[K,
[3.713s]                  from [01m[K/opt/ros/humble/include/rclcpp/rclcpp/executors.hpp:22[m[K,
[3.713s]                  from [01m[K/opt/ros/humble/include/rclcpp/rclcpp/rclcpp.hpp:155[m[K,
[3.714s]                  from [01m[K/home/donjoe/MagangBanyubramanta_DanielAdhitthana/src/controller/src/controller.cpp:7[m[K:
[3.715s] [01m[K/opt/ros/humble/include/rclcpp/rclcpp/node.hpp:555:3:[m[K [01;36m[Knote: [m[Kcandidate: â€˜[01m[Krcl_interfaces::msg::SetParametersResult rclcpp::Node::set_parameter(const rclcpp::Parameter&)[m[Kâ€™
[3.715s]   555 |   [01;36m[Kset_parameter[m[K(const rclcpp::Parameter & parameter);
[3.715s]       |   [01;36m[K^~~~~~~~~~~~~[m[K
[3.715s] [01m[K/opt/ros/humble/include/rclcpp/rclcpp/node.hpp:555:3:[m[K [01;36m[Knote: [m[K  candidate expects 1 argument, 2 provided
[6.635s] gmake[2]: *** [CMakeFiles/ctrl.dir/build.make:76: CMakeFiles/ctrl.dir/src/controller.cpp.o] Error 1
[6.635s] gmake[1]: *** [CMakeFiles/Makefile2:593: CMakeFiles/ctrl.dir/all] Error 2
[6.635s] gmake: *** [Makefile:146: all] Error 2
[6.638s] Invoked command in '/home/donjoe/MagangBanyubramanta_DanielAdhitthana/build/controller' returned '2': CMAKE_PREFIX_PATH=/opt/ros/humble /usr/bin/cmake --build /home/donjoe/MagangBanyubramanta_DanielAdhitthana/build/controller -- -j4 -l4
