[01m[K/home/donjoe/MagangBanyubramanta_DanielAdhitthana/src/camera/src/node.cpp:29:36:[m[K [01;31m[Kerror: [m[Kâ€˜[01m[Kobject[m[Kâ€™ is not a member of â€˜[01m[Kcamera::msg[m[Kâ€™; did you mean â€˜[01m[KObject[m[Kâ€™?
   29 |     rclcpp::Publisher<camera::msg::[01;31m[Kobject[m[K>::SharedPtr publisher_;
      |                                    [01;31m[K^~~~~~[m[K
      |                                    [32m[KObject[m[K
[01m[K/home/donjoe/MagangBanyubramanta_DanielAdhitthana/src/camera/src/node.cpp:29:42:[m[K [01;31m[Kerror: [m[Ktemplate argument 1 is invalid
   29 |     rclcpp::Publisher<camera::msg::object[01;31m[K>[m[K::SharedPtr publisher_;
      |                                          [01;31m[K^[m[K
[01m[K/home/donjoe/MagangBanyubramanta_DanielAdhitthana/src/camera/src/node.cpp:29:45:[m[K [01;31m[Kerror: [m[Kexpected â€˜[01m[K;[m[Kâ€™ at end of member declaration
   29 |     rclcpp::Publisher<camera::msg::object>::[01;31m[KSharedPtr[m[K publisher_;
      |                                             [01;31m[K^~~~~~~~~[m[K
      |                                                      [32m[K;[m[K
[01m[K/home/donjoe/MagangBanyubramanta_DanielAdhitthana/src/camera/src/node.cpp:29:55:[m[K [01;31m[Kerror: [m[Kâ€˜[01m[Kpublisher_[m[Kâ€™ does not name a type; did you mean â€˜[01m[Krmw_publisher_t[m[Kâ€™?
   29 |     rclcpp::Publisher<camera::msg::object>::SharedPtr [01;31m[Kpublisher_[m[K;
      |                                                       [01;31m[K^~~~~~~~~~[m[K
      |                                                       [32m[Krmw_publisher_t[m[K
gmake[2]: *** [CMakeFiles/node.dir/build.make:76: CMakeFiles/node.dir/src/node.cpp.o] Error 1
gmake[1]: *** [CMakeFiles/Makefile2:593: CMakeFiles/node.dir/all] Error 2
gmake: *** [Makefile:146: all] Error 2
