[35m[1mConsolidate compiler generated dependencies of target camera__rosidl_generator_c[0m
[  9%] Built target camera__rosidl_generator_c
[ 12%] Built target camera__cpp
[ 12%] Built target ament_cmake_python_copy_camera
[35m[1mConsolidate compiler generated dependencies of target camera__rosidl_typesupport_c[0m
[35m[1mConsolidate compiler generated dependencies of target camera__rosidl_typesupport_introspection_c[0m
[35m[1mConsolidate compiler generated dependencies of target camera__rosidl_typesupport_fastrtps_c[0m
[35m[1mConsolidate compiler generated dependencies of target camera__rosidl_typesupport_introspection_cpp[0m
[ 21%] Built target camera__rosidl_typesupport_c
[ 30%] Built target camera__rosidl_typesupport_introspection_c
[ 39%] Built target camera__rosidl_typesupport_fastrtps_c
[ 48%] Built target camera__rosidl_typesupport_introspection_cpp
[35m[1mConsolidate compiler generated dependencies of target camera__rosidl_typesupport_cpp[0m
[35m[1mConsolidate compiler generated dependencies of target camera__rosidl_typesupport_fastrtps_cpp[0m
[ 57%] Built target camera__rosidl_typesupport_cpp
[ 66%] Built target camera__rosidl_typesupport_fastrtps_cpp
[35m[1mConsolidate compiler generated dependencies of target node[0m
[ 66%] Built target camera
[ 69%] [32mBuilding CXX object CMakeFiles/node.dir/src/node.cpp.o[0m
[ 72%] Built target camera__py
[35m[1mConsolidate compiler generated dependencies of target camera__rosidl_generator_py[0m
[ 78%] Built target camera__rosidl_generator_py
[35m[1mConsolidate compiler generated dependencies of target camera__rosidl_typesupport_fastrtps_c__pyext[0m
[35m[1mConsolidate compiler generated dependencies of target camera__rosidl_typesupport_introspection_c__pyext[0m
[ 90%] Built target camera__rosidl_typesupport_fastrtps_c__pyext
[ 90%] Built target camera__rosidl_typesupport_introspection_c__pyext
[35m[1mConsolidate compiler generated dependencies of target camera__rosidl_typesupport_c__pyext[0m
[ 96%] Built target camera__rosidl_typesupport_c__pyext
running egg_info
writing camera.egg-info/PKG-INFO
writing dependency_links to camera.egg-info/dependency_links.txt
writing top-level names to camera.egg-info/top_level.txt
reading manifest file 'camera.egg-info/SOURCES.txt'
writing manifest file 'camera.egg-info/SOURCES.txt'
[ 96%] Built target ament_cmake_python_build_camera_egg
[01m[K/home/donjoe/MagangBanyubramanta_DanielAdhitthana/src/camera/src/node.cpp:29:36:[m[K [01;31m[Kerror: [m[Kâ€˜[01m[Kobject[m[Kâ€™ is not a member of â€˜[01m[Kcamera::msg[m[Kâ€™; did you mean â€˜[01m[KObject[m[Kâ€™?
   29 |     rclcpp::Publisher<camera::msg::[01;31m[Kobject[m[K>::SharedPtr publisher_;
      |                                    [01;31m[K^~~~~~[m[K
      |                                    [32m[KObject[m[K
[01m[K/home/donjoe/MagangBanyubramanta_DanielAdhitthana/src/camera/src/node.cpp:29:42:[m[K [01;31m[Kerror: [m[Ktemplate argument 1 is invalid
   29 |     rclcpp::Publisher<camera::msg::object[01;31m[K>[m[K::SharedPtr publisher_;
      |                                          [01;31m[K^[m[K
[01m[K/home/donjoe/MagangBanyubramanta_DanielAdhitthana/src/camera/src/node.cpp:29:45:[m[K [01;31m[Kerror: [m[Kexpected â€˜[01m[K;[m[Kâ€™ at end of member declaration
   29 |     rclcpp::Publisher<camera::msg::object>::[01;31m[KSharedPtr[m[K publisher_;
      |                                             [01;31m[K^~~~~~~~~[m[K
      |                                                      [32m[K;[m[K
[01m[K/home/donjoe/MagangBanyubramanta_DanielAdhitthana/src/camera/src/node.cpp:29:55:[m[K [01;31m[Kerror: [m[Kâ€˜[01m[Kpublisher_[m[Kâ€™ does not name a type; did you mean â€˜[01m[Krmw_publisher_t[m[Kâ€™?
   29 |     rclcpp::Publisher<camera::msg::object>::SharedPtr [01;31m[Kpublisher_[m[K;
      |                                                       [01;31m[K^~~~~~~~~~[m[K
      |                                                       [32m[Krmw_publisher_t[m[K
gmake[2]: *** [CMakeFiles/node.dir/build.make:76: CMakeFiles/node.dir/src/node.cpp.o] Error 1
gmake[1]: *** [CMakeFiles/Makefile2:593: CMakeFiles/node.dir/all] Error 2
gmake: *** [Makefile:146: all] Error 2
