[0.040s] Invoking command in '/home/donjoe/MagangBanyubramanta_DanielAdhitthana/build/camera': CMAKE_PREFIX_PATH=/opt/ros/humble /usr/bin/cmake --build /home/donjoe/MagangBanyubramanta_DanielAdhitthana/build/camera -- -j4 -l4
[0.067s] [35m[1mConsolidate compiler generated dependencies of target camera__rosidl_generator_c[0m
[0.074s] [  9%] Built target camera__rosidl_generator_c
[0.075s] [ 12%] Built target camera__cpp
[0.083s] [ 12%] Built target ament_cmake_python_copy_camera
[0.083s] [35m[1mConsolidate compiler generated dependencies of target camera__rosidl_typesupport_c[0m
[0.084s] [35m[1mConsolidate compiler generated dependencies of target camera__rosidl_typesupport_introspection_c[0m
[0.085s] [35m[1mConsolidate compiler generated dependencies of target camera__rosidl_typesupport_fastrtps_c[0m
[0.093s] [35m[1mConsolidate compiler generated dependencies of target camera__rosidl_typesupport_introspection_cpp[0m
[0.094s] [ 21%] Built target camera__rosidl_typesupport_c
[0.094s] [ 30%] Built target camera__rosidl_typesupport_introspection_c
[0.097s] [ 39%] Built target camera__rosidl_typesupport_fastrtps_c
[0.102s] [ 48%] Built target camera__rosidl_typesupport_introspection_cpp
[0.107s] [35m[1mConsolidate compiler generated dependencies of target camera__rosidl_typesupport_cpp[0m
[0.108s] [35m[1mConsolidate compiler generated dependencies of target camera__rosidl_typesupport_fastrtps_cpp[0m
[0.118s] [ 57%] Built target camera__rosidl_typesupport_cpp
[0.120s] [ 66%] Built target camera__rosidl_typesupport_fastrtps_cpp
[0.127s] [35m[1mConsolidate compiler generated dependencies of target node[0m
[0.135s] [ 66%] Built target camera
[0.146s] [ 69%] [32mBuilding CXX object CMakeFiles/node.dir/src/node.cpp.o[0m
[0.154s] [ 72%] Built target camera__py
[0.162s] [35m[1mConsolidate compiler generated dependencies of target camera__rosidl_generator_py[0m
[0.173s] [ 78%] Built target camera__rosidl_generator_py
[0.182s] [35m[1mConsolidate compiler generated dependencies of target camera__rosidl_typesupport_fastrtps_c__pyext[0m
[0.184s] [35m[1mConsolidate compiler generated dependencies of target camera__rosidl_typesupport_introspection_c__pyext[0m
[0.195s] [ 90%] Built target camera__rosidl_typesupport_fastrtps_c__pyext
[0.195s] [ 90%] Built target camera__rosidl_typesupport_introspection_c__pyext
[0.204s] [35m[1mConsolidate compiler generated dependencies of target camera__rosidl_typesupport_c__pyext[0m
[0.213s] [ 96%] Built target camera__rosidl_typesupport_c__pyext
[0.321s] running egg_info
[0.321s] writing camera.egg-info/PKG-INFO
[0.321s] writing dependency_links to camera.egg-info/dependency_links.txt
[0.321s] writing top-level names to camera.egg-info/top_level.txt
[0.323s] reading manifest file 'camera.egg-info/SOURCES.txt'
[0.324s] writing manifest file 'camera.egg-info/SOURCES.txt'
[0.349s] [ 96%] Built target ament_cmake_python_build_camera_egg
[2.861s] [01m[K/home/donjoe/MagangBanyubramanta_DanielAdhitthana/src/camera/src/node.cpp:29:36:[m[K [01;31m[Kerror: [m[Kâ€˜[01m[Kobject[m[Kâ€™ is not a member of â€˜[01m[Kcamera::msg[m[Kâ€™; did you mean â€˜[01m[KObject[m[Kâ€™?
[2.861s]    29 |     rclcpp::Publisher<camera::msg::[01;31m[Kobject[m[K>::SharedPtr publisher_;
[2.861s]       |                                    [01;31m[K^~~~~~[m[K
[2.861s]       |                                    [32m[KObject[m[K
[2.861s] [01m[K/home/donjoe/MagangBanyubramanta_DanielAdhitthana/src/camera/src/node.cpp:29:42:[m[K [01;31m[Kerror: [m[Ktemplate argument 1 is invalid
[2.861s]    29 |     rclcpp::Publisher<camera::msg::object[01;31m[K>[m[K::SharedPtr publisher_;
[2.862s]       |                                          [01;31m[K^[m[K
[2.862s] [01m[K/home/donjoe/MagangBanyubramanta_DanielAdhitthana/src/camera/src/node.cpp:29:45:[m[K [01;31m[Kerror: [m[Kexpected â€˜[01m[K;[m[Kâ€™ at end of member declaration
[2.862s]    29 |     rclcpp::Publisher<camera::msg::object>::[01;31m[KSharedPtr[m[K publisher_;
[2.862s]       |                                             [01;31m[K^~~~~~~~~[m[K
[2.862s]       |                                                      [32m[K;[m[K
[2.864s] [01m[K/home/donjoe/MagangBanyubramanta_DanielAdhitthana/src/camera/src/node.cpp:29:55:[m[K [01;31m[Kerror: [m[Kâ€˜[01m[Kpublisher_[m[Kâ€™ does not name a type; did you mean â€˜[01m[Krmw_publisher_t[m[Kâ€™?
[2.864s]    29 |     rclcpp::Publisher<camera::msg::object>::SharedPtr [01;31m[Kpublisher_[m[K;
[2.864s]       |                                                       [01;31m[K^~~~~~~~~~[m[K
[2.864s]       |                                                       [32m[Krmw_publisher_t[m[K
[3.715s] gmake[2]: *** [CMakeFiles/node.dir/build.make:76: CMakeFiles/node.dir/src/node.cpp.o] Error 1
[3.716s] gmake[1]: *** [CMakeFiles/Makefile2:593: CMakeFiles/node.dir/all] Error 2
[3.716s] gmake: *** [Makefile:146: all] Error 2
[3.718s] Invoked command in '/home/donjoe/MagangBanyubramanta_DanielAdhitthana/build/camera' returned '2': CMAKE_PREFIX_PATH=/opt/ros/humble /usr/bin/cmake --build /home/donjoe/MagangBanyubramanta_DanielAdhitthana/build/camera -- -j4 -l4
