[35m[1mConsolidate compiler generated dependencies of target node[0m
[ 50%] [32mBuilding CXX object CMakeFiles/node.dir/src/node.cpp.o[0m
[01m[K/home/donjoe/Documents/MagangBanyubramanta_DanielAdhitthana/src/yolo/src/node.cpp:[m[K In member function â€˜[01m[Kvoid YOLO::detect(cv::Mat&)[m[Kâ€™:
[01m[K/home/donjoe/Documents/MagangBanyubramanta_DanielAdhitthana/src/yolo/src/node.cpp:60:27:[m[K [01;31m[Kerror: [m[Kinvalid use of non-static member function â€˜[01m[Ksize_t cv::Mat::elemSize1() const[m[Kâ€™
   60 |                 [01;31m[Kstd::cout << results.elemSize1[m[K() << std::endl;
      |                 [01;31m[K~~~~~~~~~~^~~~~~~~~~~~~~~~~~~~[m[K
In file included from [01m[K/usr/local/include/opencv4/opencv2/core/mat.hpp:3795[m[K,
                 from [01m[K/usr/local/include/opencv4/opencv2/core.hpp:58[m[K,
                 from [01m[K/usr/local/include/opencv4/opencv2/opencv.hpp:52[m[K,
                 from [01m[K/home/donjoe/Documents/MagangBanyubramanta_DanielAdhitthana/src/yolo/src/node.cpp:8[m[K:
[01m[K/usr/local/include/opencv4/opencv2/core/mat.inl.hpp:675:8:[m[K [01;36m[Knote: [m[Kdeclared here
  675 | size_t [01;36m[KMat[m[K::elemSize1() const
      |        [01;36m[K^~~[m[K
[01m[K/home/donjoe/Documents/MagangBanyubramanta_DanielAdhitthana/src/yolo/src/node.cpp:110:51:[m[K [01;35m[Kwarning: [m[Kcomparison of integer expressions of different signedness: â€˜[01m[Kint[m[Kâ€™ and â€˜[01m[Kstd::vector<int>::size_type[m[Kâ€™ {aka â€˜[01m[Klong unsigned int[m[Kâ€™} [[01;35m[K]8;;https://gcc.gnu.org/onlinedocs/gcc/Warning-Options.html#index-Wsign-compare-Wsign-compare]8;;[m[K]
  110 |                 for (int i = 0, j = indices[i]; [01;35m[Ki < indices.size()[m[K; j = indices[++i])
      |                                                 [01;35m[K~~^~~~~~~~~~~~~~~~[m[K
gmake[2]: *** [CMakeFiles/node.dir/build.make:76: CMakeFiles/node.dir/src/node.cpp.o] Error 1
gmake[1]: *** [CMakeFiles/Makefile2:137: CMakeFiles/node.dir/all] Error 2
gmake: *** [Makefile:146: all] Error 2
