[0.061s] Invoking command in '/home/donjoe/MagangBanyubramanta_DanielAdhitthana/build/controller': CMAKE_PREFIX_PATH=/opt/ros/humble /usr/bin/cmake --build /home/donjoe/MagangBanyubramanta_DanielAdhitthana/build/controller -- -j4 -l4
[0.333s] -- Found ament_cmake: 1.3.6 (/opt/ros/humble/share/ament_cmake/cmake)
[0.492s] -- Found rosidl_default_generators: 1.2.0 (/opt/ros/humble/share/rosidl_default_generators/cmake)
[0.496s] -- Using all available rosidl_typesupport_c: rosidl_typesupport_fastrtps_c;rosidl_typesupport_introspection_c
[0.503s] -- Found rosidl_adapter: 3.1.5 (/opt/ros/humble/share/rosidl_adapter/cmake)
[0.703s] -- Using all available rosidl_typesupport_cpp: rosidl_typesupport_fastrtps_cpp;rosidl_typesupport_introspection_cpp
[0.753s] -- Found rclcpp: 16.0.7 (/opt/ros/humble/share/rclcpp/cmake)
[0.868s] -- Found rmw_implementation_cmake: 6.1.1 (/opt/ros/humble/share/rmw_implementation_cmake/cmake)
[0.874s] -- Found rmw_fastrtps_cpp: 6.2.5 (/opt/ros/humble/share/rmw_fastrtps_cpp/cmake)
[6.374s] -- Using RMW implementation 'rmw_fastrtps_cpp' as default
[6.555s] -- Found sensor_msgs: 4.2.3 (/opt/ros/humble/share/sensor_msgs/cmake)
[6.889s] -- Found ament_cmake_ros: 0.10.0 (/opt/ros/humble/share/ament_cmake_ros/cmake)
[7.039s] -- Using all available rosidl_typesupport_c: rosidl_typesupport_fastrtps_c;rosidl_typesupport_introspection_c
[7.235s] -- Using all available rosidl_typesupport_cpp: rosidl_typesupport_fastrtps_cpp;rosidl_typesupport_introspection_cpp
[7.258s] -- Found python_cmake_module: 0.10.0 (/opt/ros/humble/share/python_cmake_module/cmake)
[7.280s] -- Using PYTHON_EXECUTABLE: /usr/bin/python3
[7.280s] -- Using PYTHON_INCLUDE_DIRS: /usr/include/python3.10
[7.280s] -- Using PYTHON_LIBRARIES: /usr/lib/x86_64-linux-gnu/libpython3.10.so
[7.296s] -- Found ament_lint_auto: 0.12.9 (/opt/ros/humble/share/ament_lint_auto/cmake)
[7.326s] -- Added test 'cppcheck' to perform static code analysis on C / C++ code
[7.326s] -- Configured cppcheck include dirs: 
[7.326s] -- Configured cppcheck exclude dirs and/or files: 
[7.327s] -- Added test 'lint_cmake' to check CMake code style
[7.329s] -- Added test 'uncrustify' to check C / C++ code style
[7.329s] -- Configured uncrustify additional arguments: 
[7.329s] -- Added test 'xmllint' to check XML markup files
[7.335s] -- Configuring done
[7.431s] -- Generating done
[7.436s] -- Build files have been written to: /home/donjoe/MagangBanyubramanta_DanielAdhitthana/build/controller
[7.470s] [35m[1mConsolidate compiler generated dependencies of target controller__rosidl_generator_c[0m
[7.473s] [  3%] Built target controller__cpp
[7.479s] [ 12%] Built target controller__rosidl_generator_c
[7.482s] [35m[1mConsolidate compiler generated dependencies of target controller__rosidl_typesupport_cpp[0m
[7.485s] [35m[1mConsolidate compiler generated dependencies of target controller__rosidl_typesupport_fastrtps_cpp[0m
[7.493s] [35m[1mConsolidate compiler generated dependencies of target controller__rosidl_typesupport_introspection_cpp[0m
[7.494s] [ 12%] Built target ament_cmake_python_copy_controller
[7.498s] [ 21%] Built target controller__rosidl_typesupport_cpp
[7.500s] [ 30%] Built target controller__rosidl_typesupport_fastrtps_cpp
[7.503s] [ 39%] Built target controller__rosidl_typesupport_introspection_cpp
[7.503s] [35m[1mConsolidate compiler generated dependencies of target controller__rosidl_typesupport_fastrtps_c[0m
[7.509s] [35m[1mConsolidate compiler generated dependencies of target controller__rosidl_typesupport_introspection_c[0m
[7.511s] [35m[1mConsolidate compiler generated dependencies of target controller__rosidl_typesupport_c[0m
[7.519s] [ 48%] Built target controller__rosidl_typesupport_fastrtps_c
[7.520s] [ 57%] Built target controller__rosidl_typesupport_c
[7.521s] [ 66%] Built target controller__rosidl_typesupport_introspection_c
[7.536s] [ 66%] Built target controller
[7.538s] [ 69%] [32mBuilding CXX object CMakeFiles/node.dir/src/controller.cpp.o[0m
[7.556s] [ 72%] Built target controller__py
[7.569s] [35m[1mConsolidate compiler generated dependencies of target controller__rosidl_generator_py[0m
[7.588s] [ 78%] Built target controller__rosidl_generator_py
[7.598s] [35m[1mConsolidate compiler generated dependencies of target controller__rosidl_typesupport_fastrtps_c__pyext[0m
[7.598s] [35m[1mConsolidate compiler generated dependencies of target controller__rosidl_typesupport_introspection_c__pyext[0m
[7.612s] [ 84%] Built target controller__rosidl_typesupport_fastrtps_c__pyext
[7.621s] [ 90%] Built target controller__rosidl_typesupport_introspection_c__pyext
[7.621s] [35m[1mConsolidate compiler generated dependencies of target controller__rosidl_typesupport_c__pyext[0m
[7.633s] [ 96%] Built target controller__rosidl_typesupport_c__pyext
[7.782s] running egg_info
[7.782s] writing controller.egg-info/PKG-INFO
[7.783s] writing dependency_links to controller.egg-info/dependency_links.txt
[7.783s] writing top-level names to controller.egg-info/top_level.txt
[7.788s] reading manifest file 'controller.egg-info/SOURCES.txt'
[7.790s] writing manifest file 'controller.egg-info/SOURCES.txt'
[7.819s] [ 96%] Built target ament_cmake_python_build_controller_egg
[10.475s] [01m[K/home/donjoe/MagangBanyubramanta_DanielAdhitthana/src/controller/src/controller.cpp:[m[K In member function â€˜[01m[Kvoid Controller::topic_callback(const Joy&)[m[Kâ€™:
[10.475s] [01m[K/home/donjoe/MagangBanyubramanta_DanielAdhitthana/src/controller/src/controller.cpp:59:50:[m[K [01;31m[Kerror: [m[Kâ€˜[01m[Klinear_scale[m[Kâ€™ was not declared in this scope
[10.475s]    59 |                 data.x_cmd = msg.axes[LR_LEFT] * [01;31m[Klinear_scale[m[K;
[10.475s]       |                                                  [01;31m[K^~~~~~~~~~~~[m[K
[10.483s] [01m[K/home/donjoe/MagangBanyubramanta_DanielAdhitthana/src/controller/src/controller.cpp:61:49:[m[K [01;31m[Kerror: [m[Kâ€˜[01m[Kangular_scale[m[Kâ€™ was not declared in this scope
[10.483s]    61 |                 data.yaw = msg.axes[LR_RIGHT] * [01;31m[Kangular_scale[m[K;
[10.483s]       |                                                 [01;31m[K^~~~~~~~~~~~~[m[K
[13.020s] gmake[2]: *** [CMakeFiles/node.dir/build.make:76: CMakeFiles/node.dir/src/controller.cpp.o] Error 1
[13.020s] gmake[1]: *** [CMakeFiles/Makefile2:593: CMakeFiles/node.dir/all] Error 2
[13.020s] gmake: *** [Makefile:146: all] Error 2
[13.022s] Invoked command in '/home/donjoe/MagangBanyubramanta_DanielAdhitthana/build/controller' returned '2': CMAKE_PREFIX_PATH=/opt/ros/humble /usr/bin/cmake --build /home/donjoe/MagangBanyubramanta_DanielAdhitthana/build/controller -- -j4 -l4
