[  3%] Built target camera__cpp
[ 12%] Built target camera__rosidl_generator_c
[ 12%] Built target ament_cmake_python_copy_camera
[ 21%] Built target camera__rosidl_typesupport_cpp
[ 30%] Built target camera__rosidl_typesupport_fastrtps_cpp
[ 39%] Built target camera__rosidl_typesupport_introspection_cpp
[ 48%] Built target camera__rosidl_typesupport_fastrtps_c
[ 57%] Built target camera__rosidl_typesupport_introspection_c
[ 66%] Built target camera__rosidl_typesupport_c
[35m[1mConsolidate compiler generated dependencies of target node[0m
[ 66%] Built target camera
[ 69%] [32mBuilding CXX object CMakeFiles/node.dir/src/node.cpp.o[0m
[ 72%] Built target camera__py
[ 78%] Built target camera__rosidl_generator_py
[ 84%] Built target camera__rosidl_typesupport_introspection_c__pyext
[ 90%] Built target camera__rosidl_typesupport_fastrtps_c__pyext
[ 96%] Built target camera__rosidl_typesupport_c__pyext
running egg_info
writing camera.egg-info/PKG-INFO
writing dependency_links to camera.egg-info/dependency_links.txt
writing top-level names to camera.egg-info/top_level.txt
reading manifest file 'camera.egg-info/SOURCES.txt'
writing manifest file 'camera.egg-info/SOURCES.txt'
[ 96%] Built target ament_cmake_python_build_camera_egg
[01m[K/home/donjoe/MagangBanyubramanta_DanielAdhitthana/src/camera/src/node.cpp:[m[K In member function â€˜[01m[Kvoid Camera::topic_callback()[m[Kâ€™:
[01m[K/home/donjoe/MagangBanyubramanta_DanielAdhitthana/src/camera/src/node.cpp:80:50:[m[K [01;31m[Kerror: [m[Kno matching function for call to â€˜[01m[Kcv::Moments::Moments(cv::Mat&)[m[Kâ€™
   80 |         cv::Moments red_moments = cv::Moments(red[01;31m[K)[m[K,
      |                                                  [01;31m[K^[m[K
In file included from [01m[K/usr/local/include/opencv4/opencv2/core.hpp:57[m[K,
                 from [01m[K/usr/local/include/opencv4/opencv2/opencv.hpp:52[m[K,
                 from [01m[K/home/donjoe/MagangBanyubramanta_DanielAdhitthana/src/camera/src/node.cpp:9[m[K:
[01m[K/usr/local/include/opencv4/opencv2/core/types.hpp:965:5:[m[K [01;36m[Knote: [m[Kcandidate: â€˜[01m[Kcv::Moments::Moments(double, double, double, double, double, double, double, double, double, double)[m[Kâ€™
  965 |     [01;36m[KMoments[m[K(double m00, double m10, double m01, double m20, double m11,
      |     [01;36m[K^~~~~~~[m[K
[01m[K/usr/local/include/opencv4/opencv2/core/types.hpp:965:5:[m[K [01;36m[Knote: [m[K  candidate expects 10 arguments, 1 provided
[01m[K/usr/local/include/opencv4/opencv2/core/types.hpp:963:5:[m[K [01;36m[Knote: [m[Kcandidate: â€˜[01m[Kcv::Moments::Moments()[m[Kâ€™
  963 |     [01;36m[KMoments[m[K();
      |     [01;36m[K^~~~~~~[m[K
[01m[K/usr/local/include/opencv4/opencv2/core/types.hpp:963:5:[m[K [01;36m[Knote: [m[K  candidate expects 0 arguments, 1 provided
[01m[K/usr/local/include/opencv4/opencv2/core/types.hpp:959:24:[m[K [01;36m[Knote: [m[Kcandidate: â€˜[01m[Kconstexpr cv::Moments::Moments(const cv::Moments&)[m[Kâ€™
  959 | class CV_EXPORTS_W_MAP [01;36m[KMoments[m[K
      |                        [01;36m[K^~~~~~~[m[K
[01m[K/usr/local/include/opencv4/opencv2/core/types.hpp:959:24:[m[K [01;36m[Knote: [m[K  no known conversion for argument 1 from â€˜[01m[Kcv::Mat[m[Kâ€™ to â€˜[01m[Kconst cv::Moments&[m[Kâ€™
[01m[K/usr/local/include/opencv4/opencv2/core/types.hpp:959:24:[m[K [01;36m[Knote: [m[Kcandidate: â€˜[01m[Kconstexpr cv::Moments::Moments(cv::Moments&&)[m[Kâ€™
[01m[K/usr/local/include/opencv4/opencv2/core/types.hpp:959:24:[m[K [01;36m[Knote: [m[K  no known conversion for argument 1 from â€˜[01m[Kcv::Mat[m[Kâ€™ to â€˜[01m[Kcv::Moments&&[m[Kâ€™
[01m[K/home/donjoe/MagangBanyubramanta_DanielAdhitthana/src/camera/src/node.cpp:86:26:[m[K [01;31m[Kerror: [m[Kâ€˜[01m[Kyellow_moments[m[Kâ€™ was not declared in this scope; did you mean â€˜[01m[Kred_moments[m[Kâ€™?
   86 |         message.yellow = [01;31m[Kyellow_moments[m[K.m00 > min_area;
      |                          [01;31m[K^~~~~~~~~~~~~~[m[K
      |                          [32m[Kred_moments[m[K
[01m[K/home/donjoe/MagangBanyubramanta_DanielAdhitthana/src/camera/src/node.cpp:87:24:[m[K [01;31m[Kerror: [m[Kâ€˜[01m[Kblue_moments[m[Kâ€™ was not declared in this scope; did you mean â€˜[01m[Kred_moments[m[Kâ€™?
   87 |         message.blue = [01;31m[Kblue_moments[m[K.m00 > min_area;
      |                        [01;31m[K^~~~~~~~~~~~[m[K
      |                        [32m[Kred_moments[m[K
gmake[2]: *** [CMakeFiles/node.dir/build.make:76: CMakeFiles/node.dir/src/node.cpp.o] Error 1
gmake[1]: *** [CMakeFiles/Makefile2:593: CMakeFiles/node.dir/all] Error 2
gmake: *** [Makefile:146: all] Error 2
