[0.225s] Invoking command in '/home/donjoe/MagangBanyubramanta_DanielAdhitthana/build/controller': CMAKE_PREFIX_PATH=/opt/ros/humble /usr/bin/cmake --build /home/donjoe/MagangBanyubramanta_DanielAdhitthana/build/controller -- -j4 -l4
[0.626s] [  3%] Built target controller__cpp
[0.658s] [ 12%] Built target controller__rosidl_generator_c
[0.731s] [ 12%] Built target ament_cmake_python_copy_controller
[0.731s] [ 21%] Built target controller__rosidl_typesupport_cpp
[0.764s] [ 30%] Built target controller__rosidl_typesupport_fastrtps_cpp
[0.788s] [ 39%] Built target controller__rosidl_typesupport_introspection_cpp
[0.795s] [ 57%] Built target controller__rosidl_typesupport_fastrtps_c
[0.795s] [ 57%] Built target controller__rosidl_typesupport_introspection_c
[0.821s] [ 66%] Built target controller__rosidl_typesupport_c
[0.839s] [35m[1mConsolidate compiler generated dependencies of target ctrl[0m
[0.863s] [ 66%] Built target controller
[0.868s] [ 69%] [32mBuilding CXX object CMakeFiles/ctrl.dir/src/controller.cpp.o[0m
[0.902s] [ 72%] Built target controller__py
[0.973s] [ 78%] Built target controller__rosidl_generator_py
[1.096s] [ 84%] Built target controller__rosidl_typesupport_fastrtps_c__pyext
[1.101s] [ 90%] Built target controller__rosidl_typesupport_introspection_c__pyext
[1.141s] [ 96%] Built target controller__rosidl_typesupport_c__pyext
[1.481s] running egg_info
[1.483s] writing controller.egg-info/PKG-INFO
[1.484s] writing dependency_links to controller.egg-info/dependency_links.txt
[1.498s] writing top-level names to controller.egg-info/top_level.txt
[1.498s] reading manifest file 'controller.egg-info/SOURCES.txt'
[1.499s] writing manifest file 'controller.egg-info/SOURCES.txt'
[1.631s] [ 96%] Built target ament_cmake_python_build_controller_egg
[7.952s] [01m[K/home/donjoe/MagangBanyubramanta_DanielAdhitthana/src/controller/src/controller.cpp:[m[K In member function â€˜[01m[Kvoid Controller::topic_callback(const Joy&) const[m[Kâ€™:
[7.952s] [01m[K/home/donjoe/MagangBanyubramanta_DanielAdhitthana/src/controller/src/controller.cpp:61:47:[m[K [01;31m[Kerror: [m[Kcannot convert â€˜[01m[Krclcpp::Parameter[m[Kâ€™ to â€˜[01m[Kint[m[Kâ€™ in initialization
[7.952s]    61 |         int linear_scale = [01;31m[Kthis->get_parameter("linear_scale")[m[K;
[7.952s]       |                            [01;31m[K~~~~~~~~~~~~~~~~~~~^~~~~~~~~~~~~~~~[m[K
[7.952s]       |                                               [01;31m[K|[m[K
[7.952s]       |                                               [01;31m[Krclcpp::Parameter[m[K
[7.953s] [01m[K/home/donjoe/MagangBanyubramanta_DanielAdhitthana/src/controller/src/controller.cpp:62:48:[m[K [01;31m[Kerror: [m[Kcannot convert â€˜[01m[Krclcpp::Parameter[m[Kâ€™ to â€˜[01m[Kint[m[Kâ€™ in initialization
[7.953s]    62 |         int angular_scale = [01;31m[Kthis->get_parameter("angular_scale")[m[K;
[7.953s]       |                             [01;31m[K~~~~~~~~~~~~~~~~~~~^~~~~~~~~~~~~~~~~[m[K
[7.953s]       |                                                [01;31m[K|[m[K
[7.953s]       |                                                [01;31m[Krclcpp::Parameter[m[K
[7.954s] [01m[K/home/donjoe/MagangBanyubramanta_DanielAdhitthana/src/controller/src/controller.cpp:75:29:[m[K [01;31m[Kerror: [m[Kâ€˜[01m[KParamater[m[Kâ€™ is not a member of â€˜[01m[Krclcpp[m[Kâ€™; did you mean â€˜[01m[KParameter[m[Kâ€™?
[7.955s]    75 |         std::vector<rclcpp::[01;31m[KParamater[m[K> new_params
[7.955s]       |                             [01;31m[K^~~~~~~~~[m[K
[7.955s]       |                             [32m[KParameter[m[K
[7.955s] [01m[K/home/donjoe/MagangBanyubramanta_DanielAdhitthana/src/controller/src/controller.cpp:75:38:[m[K [01;31m[Kerror: [m[Ktemplate argument 1 is invalid
[7.955s]    75 |         std::vector<rclcpp::Paramater[01;31m[K>[m[K new_params
[7.955s]       |                                      [01;31m[K^[m[K
[7.955s] [01m[K/home/donjoe/MagangBanyubramanta_DanielAdhitthana/src/controller/src/controller.cpp:75:38:[m[K [01;31m[Kerror: [m[Ktemplate argument 2 is invalid
[7.956s] [01m[K/home/donjoe/MagangBanyubramanta_DanielAdhitthana/src/controller/src/controller.cpp:77:60:[m[K [01;31m[Kerror: [m[Kexpected â€˜[01m[K}[m[Kâ€™ before â€˜[01m[K;[m[Kâ€™ token
[7.956s]    77 |             rclcpp::Parameter("linear_scale", linear_scale)[01;31m[K;[m[K
[7.956s]       |                                                            [01;31m[K^[m[K
[7.956s] [01m[K/home/donjoe/MagangBanyubramanta_DanielAdhitthana/src/controller/src/controller.cpp:76:9:[m[K [01;36m[Knote: [m[Kto match this â€˜[01m[K{[m[Kâ€™
[7.956s]    76 |         [01;36m[K{[m[K
[7.956s]       |         [01;36m[K^[m[K
[7.957s] [01m[K/home/donjoe/MagangBanyubramanta_DanielAdhitthana/src/controller/src/controller.cpp:77:21:[m[K [01;31m[Kerror: [m[Kcannot convert â€˜[01m[Krclcpp::Parameter[m[Kâ€™ to â€˜[01m[Kint[m[Kâ€™ in initialization
[7.957s]    77 |             rclcpp::[01;31m[KParameter("linear_scale", linear_scale)[m[K;
[7.957s]       |                     [01;31m[K^~~~~~~~~~~~~~~~~~~~~~~~~~~~~~~~~~~~~~~[m[K
[7.957s]       |                     [01;31m[K|[m[K
[7.957s]       |                     [01;31m[Krclcpp::Parameter[m[K
[7.957s] [01m[K/home/donjoe/MagangBanyubramanta_DanielAdhitthana/src/controller/src/controller.cpp:75:40:[m[K [01;35m[Kwarning: [m[Kunused variable â€˜[01m[Knew_params[m[Kâ€™ [[01;35m[K]8;;https://gcc.gnu.org/onlinedocs/gcc/Warning-Options.html#index-Wunused-variable-Wunused-variable]8;;[m[K]
[7.958s]    75 |         std::vector<rclcpp::Paramater> [01;35m[Knew_params[m[K
[7.958s]       |                                        [01;35m[K^~~~~~~~~~[m[K
[11.992s] gmake[2]: *** [CMakeFiles/ctrl.dir/build.make:76: CMakeFiles/ctrl.dir/src/controller.cpp.o] Error 1
[11.992s] gmake[1]: *** [CMakeFiles/Makefile2:593: CMakeFiles/ctrl.dir/all] Error 2
[11.992s] gmake: *** [Makefile:146: all] Error 2
[11.994s] Invoked command in '/home/donjoe/MagangBanyubramanta_DanielAdhitthana/build/controller' returned '2': CMAKE_PREFIX_PATH=/opt/ros/humble /usr/bin/cmake --build /home/donjoe/MagangBanyubramanta_DanielAdhitthana/build/controller -- -j4 -l4
