[35m[1mConsolidate compiler generated dependencies of target controller__rosidl_generator_c[0m
[  3%] Built target controller__cpp
[ 12%] Built target controller__rosidl_generator_c
[ 12%] Built target ament_cmake_python_copy_controller
[35m[1mConsolidate compiler generated dependencies of target controller__rosidl_typesupport_cpp[0m
[35m[1mConsolidate compiler generated dependencies of target controller__rosidl_typesupport_introspection_cpp[0m
[35m[1mConsolidate compiler generated dependencies of target controller__rosidl_typesupport_fastrtps_c[0m
[35m[1mConsolidate compiler generated dependencies of target controller__rosidl_typesupport_fastrtps_cpp[0m
[ 21%] Built target controller__rosidl_typesupport_introspection_cpp
[ 30%] Built target controller__rosidl_typesupport_cpp
[ 39%] Built target controller__rosidl_typesupport_fastrtps_cpp
[ 48%] Built target controller__rosidl_typesupport_fastrtps_c
[35m[1mConsolidate compiler generated dependencies of target controller__rosidl_typesupport_introspection_c[0m
[35m[1mConsolidate compiler generated dependencies of target controller__rosidl_typesupport_c[0m
[ 57%] Built target controller__rosidl_typesupport_introspection_c
[ 66%] Built target controller__rosidl_typesupport_c
[35m[1mConsolidate compiler generated dependencies of target ctrl[0m
[ 69%] [32mBuilding CXX object CMakeFiles/ctrl.dir/src/controller.cpp.o[0m
[ 69%] Built target controller
[ 72%] Built target controller__py
[35m[1mConsolidate compiler generated dependencies of target controller__rosidl_generator_py[0m
[ 78%] Built target controller__rosidl_generator_py
[35m[1mConsolidate compiler generated dependencies of target controller__rosidl_typesupport_introspection_c__pyext[0m
[ 84%] Built target controller__rosidl_typesupport_introspection_c__pyext
[35m[1mConsolidate compiler generated dependencies of target controller__rosidl_typesupport_fastrtps_c__pyext[0m
[ 90%] Built target controller__rosidl_typesupport_fastrtps_c__pyext
[35m[1mConsolidate compiler generated dependencies of target controller__rosidl_typesupport_c__pyext[0m
[ 96%] Built target controller__rosidl_typesupport_c__pyext
running egg_info
writing controller.egg-info/PKG-INFO
writing dependency_links to controller.egg-info/dependency_links.txt
writing top-level names to controller.egg-info/top_level.txt
reading manifest file 'controller.egg-info/SOURCES.txt'
writing manifest file 'controller.egg-info/SOURCES.txt'
[ 96%] Built target ament_cmake_python_build_controller_egg
[01m[K/home/donjoe/MagangBanyubramanta_DanielAdhitthana/src/controller/src/controller.cpp:[m[K In member function â€˜[01m[Kvoid Controller::topic_callback(const Joy&) const[m[Kâ€™:
[01m[K/home/donjoe/MagangBanyubramanta_DanielAdhitthana/src/controller/src/controller.cpp:59:47:[m[K [01;31m[Kerror: [m[Kcannot convert â€˜[01m[Krclcpp::Parameter[m[Kâ€™ to â€˜[01m[Kint[m[Kâ€™ in initialization
   59 |         int linear_scale = [01;31m[Kthis->get_parameter("linear_scale")[m[K;
      |                            [01;31m[K~~~~~~~~~~~~~~~~~~~^~~~~~~~~~~~~~~~[m[K
      |                                               [01;31m[K|[m[K
      |                                               [01;31m[Krclcpp::Parameter[m[K
[01m[K/home/donjoe/MagangBanyubramanta_DanielAdhitthana/src/controller/src/controller.cpp:60:48:[m[K [01;31m[Kerror: [m[Kcannot convert â€˜[01m[Krclcpp::Parameter[m[Kâ€™ to â€˜[01m[Kint[m[Kâ€™ in initialization
   60 |         int angular_scale = [01;31m[Kthis->get_parameter("angular_scale")[m[K;
      |                             [01;31m[K~~~~~~~~~~~~~~~~~~~^~~~~~~~~~~~~~~~~[m[K
      |                                                [01;31m[K|[m[K
      |                                                [01;31m[Krclcpp::Parameter[m[K
[01m[K/home/donjoe/MagangBanyubramanta_DanielAdhitthana/src/controller/src/controller.cpp:74:29:[m[K [01;31m[Kerror: [m[Kpassing â€˜[01m[Kconst Controller[m[Kâ€™ as â€˜[01m[Kthis[m[Kâ€™ argument discards qualifiers [[01;31m[K]8;;https://gcc.gnu.org/onlinedocs/gcc/Warning-Options.html#index-fpermissive-fpermissive]8;;[m[K]
   74 |         [01;31m[Kthis->set_parameters({rclcpp::Parameter("linear_scale", linear_scale),[m[K
      |         [01;31m[K~~~~~~~~~~~~~~~~~~~~^~~~~~~~~~~~~~~~~~~~~~~~~~~~~~~~~~~~~~~~~~~~~~~~~~[m[K
   75 | [01;31m[K                              rclcpp::Parameter("angular_scale", angular_scale)})[m[K;
      |                               [01;31m[K~~~~~~~~~~~~~~~~~~~~~~~~~~~~~~~~~~~~~~~~~~~~~~~~~~~[m[K
In file included from [01m[K/opt/ros/humble/include/rclcpp/rclcpp/executors/single_threaded_executor.hpp:28[m[K,
                 from [01m[K/opt/ros/humble/include/rclcpp/rclcpp/executors.hpp:22[m[K,
                 from [01m[K/opt/ros/humble/include/rclcpp/rclcpp/rclcpp.hpp:155[m[K,
                 from [01m[K/home/donjoe/MagangBanyubramanta_DanielAdhitthana/src/controller/src/controller.cpp:6[m[K:
[01m[K/opt/ros/humble/include/rclcpp/rclcpp/node.hpp:593:3:[m[K [01;36m[Knote: [m[K  in call to â€˜[01m[Kstd::vector<rcl_interfaces::msg::SetParametersResult_<std::allocator<void> > > rclcpp::Node::set_parameters(const std::vector<rclcpp::Parameter>&)[m[Kâ€™
  593 |   [01;36m[Kset_parameters[m[K(const std::vector<rclcpp::Parameter> & parameters);
      |   [01;36m[K^~~~~~~~~~~~~~[m[K
gmake[2]: *** [CMakeFiles/ctrl.dir/build.make:76: CMakeFiles/ctrl.dir/src/controller.cpp.o] Error 1
gmake[1]: *** [CMakeFiles/Makefile2:593: CMakeFiles/ctrl.dir/all] Error 2
gmake: *** [Makefile:146: all] Error 2
